<?xml version="1.0" encoding="UTF-8"?>
<testsuite name="me.woosuyeon.springbootdeveloper.TestControllerTest" tests="1" skipped="0" failures="0" errors="0" timestamp="2025-02-05T04:54:50" hostname="usuyeon-ui-MacBookAir.local" time="0.558">
  <properties/>
  <testcase name="getAllMembers: 아티클 조회에 성공한다." classname="me.woosuyeon.springbootdeveloper.TestControllerTest" time="0.558"/>
  <system-out><![CDATA[13:54:48.275 [Test worker] INFO org.springframework.test.context.support.AnnotationConfigContextLoaderUtils -- Could not detect default configuration classes for test class [me.woosuyeon.springbootdeveloper.TestControllerTest]: TestControllerTest does not declare any static, non-private, non-final, nested classes annotated with @Configuration.
13:54:48.355 [Test worker] INFO org.springframework.boot.test.context.SpringBootTestContextBootstrapper -- Found @SpringBootConfiguration me.woosuyeon.springbootdeveloper.SpringBootDeveloperApplication for test class me.woosuyeon.springbootdeveloper.TestControllerTest

  .   ____          _            __ _ _
 /\\ / ___'_ __ _ _(_)_ __  __ _ \ \ \ \
( ( )\___ | '_ | '_| | '_ \/ _` | \ \ \ \
 \\/  ___)| |_)| | | | | || (_| |  ) ) ) )
  '  |____| .__|_| |_|_| |_\__, | / / / /
 =========|_|==============|___/=/_/_/_/
 :: Spring Boot ::                (v3.2.0)

2025-02-05T13:54:48.604+09:00  INFO 2230 --- [    Test worker] m.w.s.TestControllerTest                 : Starting TestControllerTest using Java 17.0.6 with PID 2230 (started by suyeonwoo in /Users/suyeonwoo/Desktop/2022-13586/backend/스프링부트3백엔드개발자되기/springboot/springboot-developer)
2025-02-05T13:54:48.605+09:00  INFO 2230 --- [    Test worker] m.w.s.TestControllerTest                 : No active profile set, falling back to 1 default profile: "default"
2025-02-05T13:54:48.946+09:00  INFO 2230 --- [    Test worker] .s.d.r.c.RepositoryConfigurationDelegate : Bootstrapping Spring Data JPA repositories in DEFAULT mode.
2025-02-05T13:54:48.975+09:00  INFO 2230 --- [    Test worker] .s.d.r.c.RepositoryConfigurationDelegate : Finished Spring Data repository scanning in 24 ms. Found 1 JPA repository interface.
2025-02-05T13:54:49.187+09:00  INFO 2230 --- [    Test worker] com.zaxxer.hikari.HikariDataSource       : HikariPool-1 - Starting...
2025-02-05T13:54:49.296+09:00  INFO 2230 --- [    Test worker] com.zaxxer.hikari.pool.HikariPool        : HikariPool-1 - Added connection conn0: url=jdbc:h2:mem:62fca4c6-c72f-4c19-ae1b-5e3ff8364cee user=SA
2025-02-05T13:54:49.297+09:00  INFO 2230 --- [    Test worker] com.zaxxer.hikari.HikariDataSource       : HikariPool-1 - Start completed.
2025-02-05T13:54:49.324+09:00  INFO 2230 --- [    Test worker] o.hibernate.jpa.internal.util.LogHelper  : HHH000204: Processing PersistenceUnitInfo [name: default]
2025-02-05T13:54:49.353+09:00  INFO 2230 --- [    Test worker] org.hibernate.Version                    : HHH000412: Hibernate ORM core version 6.3.1.Final
2025-02-05T13:54:49.378+09:00  INFO 2230 --- [    Test worker] o.h.c.internal.RegionFactoryInitiator    : HHH000026: Second-level cache disabled
2025-02-05T13:54:49.512+09:00  INFO 2230 --- [    Test worker] o.s.o.j.p.SpringPersistenceUnitInfo      : No LoadTimeWeaver setup: ignoring JPA class transformer
2025-02-05T13:54:49.968+09:00  INFO 2230 --- [    Test worker] o.h.e.t.j.p.i.JtaPlatformInitiator       : HHH000489: No JTA platform available (set 'hibernate.transaction.jta.platform' to enable JTA platform integration)
Hibernate: 
    drop table if exists member cascade 
Hibernate: 
    create table member (
        id bigint generated by default as identity,
        name varchar(255),
        primary key (id)
    )
2025-02-05T13:54:49.987+09:00  INFO 2230 --- [    Test worker] j.LocalContainerEntityManagerFactoryBean : Initialized JPA EntityManagerFactory for persistence unit 'default'
2025-02-05T13:54:50.222+09:00  WARN 2230 --- [    Test worker] JpaBaseConfiguration$JpaWebConfiguration : spring.jpa.open-in-view is enabled by default. Therefore, database queries may be performed during view rendering. Explicitly configure spring.jpa.open-in-view to disable this warning
2025-02-05T13:54:50.236+09:00  INFO 2230 --- [    Test worker] o.s.b.a.w.s.WelcomePageHandlerMapping    : Adding welcome page: class path resource [static/index.html]
2025-02-05T13:54:50.432+09:00  INFO 2230 --- [    Test worker] o.s.b.t.m.w.SpringBootMockServletContext : Initializing Spring TestDispatcherServlet ''
2025-02-05T13:54:50.433+09:00  INFO 2230 --- [    Test worker] o.s.t.web.servlet.TestDispatcherServlet  : Initializing Servlet ''
2025-02-05T13:54:50.434+09:00  INFO 2230 --- [    Test worker] o.s.t.web.servlet.TestDispatcherServlet  : Completed initialization in 0 ms
2025-02-05T13:54:50.459+09:00  INFO 2230 --- [    Test worker] m.w.s.TestControllerTest                 : Started TestControllerTest in 2.015 seconds (process running for 2.757)
2025-02-05T13:54:50.824+09:00  INFO 2230 --- [    Test worker] o.s.b.t.m.w.SpringBootMockServletContext : Initializing Spring TestDispatcherServlet ''
2025-02-05T13:54:50.824+09:00  INFO 2230 --- [    Test worker] o.s.t.web.servlet.TestDispatcherServlet  : Initializing Servlet ''
2025-02-05T13:54:50.825+09:00  INFO 2230 --- [    Test worker] o.s.t.web.servlet.TestDispatcherServlet  : Completed initialization in 1 ms
Hibernate: 
    select
        m1_0.id,
        m1_0.name 
    from
        member m1_0 
    where
        m1_0.id=?
Hibernate: 
    insert 
    into
        member
        (name, id) 
    values
        (?, default)
Hibernate: 
    select
        m1_0.id,
        m1_0.name 
    from
        member m1_0
Hibernate: 
    select
        m1_0.id,
        m1_0.name 
    from
        member m1_0
Hibernate: 
    delete 
    from
        member 
    where
        id=?
Hibernate: 
    delete 
    from
        member 
    where
        id=?
Hibernate: 
    delete 
    from
        member 
    where
        id=?
Hibernate: 
    delete 
    from
        member 
    where
        id=?
]]></system-out>
  <system-err><![CDATA[]]></system-err>
</testsuite>
