<?xml version="1.0" encoding="UTF-8"?>
<testsuite name="me.woosuyeon.springbootdeveloper.MemberRepositoryTest" tests="1" skipped="0" failures="0" errors="0" timestamp="2025-02-06T04:59:20" hostname="usuyeon-ui-MacBookAir.local" time="0.509">
  <properties/>
  <testcase name="getAllMembers()" classname="me.woosuyeon.springbootdeveloper.MemberRepositoryTest" time="0.509"/>
  <system-out><![CDATA[13:59:18.340 [Test worker] INFO org.springframework.test.context.support.AnnotationConfigContextLoaderUtils -- Could not detect default configuration classes for test class [me.woosuyeon.springbootdeveloper.MemberRepositoryTest]: MemberRepositoryTest does not declare any static, non-private, non-final, nested classes annotated with @Configuration.
13:59:18.435 [Test worker] INFO org.springframework.boot.test.context.SpringBootTestContextBootstrapper -- Found @SpringBootConfiguration me.woosuyeon.springbootdeveloper.SpringBootDeveloperApplication for test class me.woosuyeon.springbootdeveloper.MemberRepositoryTest

  .   ____          _            __ _ _
 /\\ / ___'_ __ _ _(_)_ __  __ _ \ \ \ \
( ( )\___ | '_ | '_| | '_ \/ _` | \ \ \ \
 \\/  ___)| |_)| | | | | || (_| |  ) ) ) )
  '  |____| .__|_| |_|_| |_\__, | / / / /
 =========|_|==============|___/=/_/_/_/
 :: Spring Boot ::                (v3.2.0)

2025-02-06T13:59:18.691+09:00  INFO 1459 --- [    Test worker] m.w.s.MemberRepositoryTest               : Starting MemberRepositoryTest using Java 17.0.6 with PID 1459 (started by suyeonwoo in /Users/suyeonwoo/Desktop/2022-13586/backend/스프링부트3백엔드개발자되기/springboot/springboot-developer)
2025-02-06T13:59:18.692+09:00  INFO 1459 --- [    Test worker] m.w.s.MemberRepositoryTest               : No active profile set, falling back to 1 default profile: "default"
2025-02-06T13:59:18.896+09:00  INFO 1459 --- [    Test worker] .s.d.r.c.RepositoryConfigurationDelegate : Bootstrapping Spring Data JPA repositories in DEFAULT mode.
2025-02-06T13:59:18.927+09:00  INFO 1459 --- [    Test worker] .s.d.r.c.RepositoryConfigurationDelegate : Finished Spring Data repository scanning in 26 ms. Found 1 JPA repository interface.
2025-02-06T13:59:18.963+09:00  INFO 1459 --- [    Test worker] beddedDataSourceBeanFactoryPostProcessor : Replacing 'dataSource' DataSource bean with embedded version
2025-02-06T13:59:19.037+09:00  INFO 1459 --- [    Test worker] o.s.j.d.e.EmbeddedDatabaseFactory        : Starting embedded database: url='jdbc:h2:mem:0fe23ae3-719a-4a91-8004-4b7a1b31f126;DB_CLOSE_DELAY=-1;DB_CLOSE_ON_EXIT=false', username='sa'
2025-02-06T13:59:19.223+09:00  INFO 1459 --- [    Test worker] o.hibernate.jpa.internal.util.LogHelper  : HHH000204: Processing PersistenceUnitInfo [name: default]
2025-02-06T13:59:19.263+09:00  INFO 1459 --- [    Test worker] org.hibernate.Version                    : HHH000412: Hibernate ORM core version 6.3.1.Final
2025-02-06T13:59:19.286+09:00  INFO 1459 --- [    Test worker] o.h.c.internal.RegionFactoryInitiator    : HHH000026: Second-level cache disabled
2025-02-06T13:59:19.437+09:00  INFO 1459 --- [    Test worker] o.s.o.j.p.SpringPersistenceUnitInfo      : No LoadTimeWeaver setup: ignoring JPA class transformer
2025-02-06T13:59:19.948+09:00  INFO 1459 --- [    Test worker] o.h.e.t.j.p.i.JtaPlatformInitiator       : HHH000489: No JTA platform available (set 'hibernate.transaction.jta.platform' to enable JTA platform integration)
Hibernate: drop table if exists member cascade 
Hibernate: create table member (id bigint generated by default as identity, name varchar(255), primary key (id))
2025-02-06T13:59:19.971+09:00  INFO 1459 --- [    Test worker] j.LocalContainerEntityManagerFactoryBean : Initialized JPA EntityManagerFactory for persistence unit 'default'
2025-02-06T13:59:20.145+09:00  INFO 1459 --- [    Test worker] m.w.s.MemberRepositoryTest               : Started MemberRepositoryTest in 1.663 seconds (process running for 2.366)
Hibernate: select m1_0.id,m1_0.name from member m1_0
]]></system-out>
  <system-err><![CDATA[]]></system-err>
</testsuite>
