<?xml version="1.0" encoding="UTF-8"?>
<testsuite name="me.woosuyeon.springbootdeveloper.QuizControllerTest" tests="4" skipped="0" failures="0" errors="0" timestamp="2025-02-05T04:38:27" hostname="usuyeon-ui-MacBookAir.local" time="0.507">
  <properties/>
  <testcase name="quiz(): POST /quiz에 요청 본문이 {&quot;value&quot;:13}이면 응답코드는 200, 응답 본문은 OK!을 리턴한다." classname="me.woosuyeon.springbootdeveloper.QuizControllerTest" time="0.492"/>
  <testcase name="quiz(): GET /quiz?code=1 이면 응답코드는 201, 응답 본문은 Created!를 리턴한다." classname="me.woosuyeon.springbootdeveloper.QuizControllerTest" time="0.005"/>
  <testcase name="quiz(): GET /quiz?code=2 이면 응답코드는 400, 응답 본문은 Bad Request!를 리턴한다." classname="me.woosuyeon.springbootdeveloper.QuizControllerTest" time="0.003"/>
  <testcase name="quiz(): POST /quiz에 요청 본문이 {&quot;value&quot;:1}이면 응답코드는 403, 응답 본문은 Forbidden!을 리턴한다." classname="me.woosuyeon.springbootdeveloper.QuizControllerTest" time="0.004"/>
  <system-out><![CDATA[13:38:25.316 [Test worker] INFO org.springframework.test.context.support.AnnotationConfigContextLoaderUtils -- Could not detect default configuration classes for test class [me.woosuyeon.springbootdeveloper.QuizControllerTest]: QuizControllerTest does not declare any static, non-private, non-final, nested classes annotated with @Configuration.
13:38:25.407 [Test worker] INFO org.springframework.boot.test.context.SpringBootTestContextBootstrapper -- Found @SpringBootConfiguration me.woosuyeon.springbootdeveloper.SpringBootDeveloperApplication for test class me.woosuyeon.springbootdeveloper.QuizControllerTest

  .   ____          _            __ _ _
 /\\ / ___'_ __ _ _(_)_ __  __ _ \ \ \ \
( ( )\___ | '_ | '_| | '_ \/ _` | \ \ \ \
 \\/  ___)| |_)| | | | | || (_| |  ) ) ) )
  '  |____| .__|_| |_|_| |_\__, | / / / /
 =========|_|==============|___/=/_/_/_/
 :: Spring Boot ::                (v3.2.0)

2025-02-05T13:38:25.692+09:00  INFO 2047 --- [    Test worker] m.w.s.QuizControllerTest                 : Starting QuizControllerTest using Java 17.0.6 with PID 2047 (started by suyeonwoo in /Users/suyeonwoo/Desktop/2022-13586/backend/스프링부트3백엔드개발자되기/springboot/springboot-developer)
2025-02-05T13:38:25.694+09:00  INFO 2047 --- [    Test worker] m.w.s.QuizControllerTest                 : No active profile set, falling back to 1 default profile: "default"
2025-02-05T13:38:26.148+09:00  INFO 2047 --- [    Test worker] .s.d.r.c.RepositoryConfigurationDelegate : Bootstrapping Spring Data JPA repositories in DEFAULT mode.
2025-02-05T13:38:26.181+09:00  INFO 2047 --- [    Test worker] .s.d.r.c.RepositoryConfigurationDelegate : Finished Spring Data repository scanning in 29 ms. Found 1 JPA repository interface.
2025-02-05T13:38:26.464+09:00  INFO 2047 --- [    Test worker] com.zaxxer.hikari.HikariDataSource       : HikariPool-1 - Starting...
2025-02-05T13:38:26.619+09:00  INFO 2047 --- [    Test worker] com.zaxxer.hikari.pool.HikariPool        : HikariPool-1 - Added connection conn0: url=jdbc:h2:mem:29a1ad51-222e-405c-bffd-287dce48a48b user=SA
2025-02-05T13:38:26.620+09:00  INFO 2047 --- [    Test worker] com.zaxxer.hikari.HikariDataSource       : HikariPool-1 - Start completed.
2025-02-05T13:38:26.651+09:00  INFO 2047 --- [    Test worker] o.hibernate.jpa.internal.util.LogHelper  : HHH000204: Processing PersistenceUnitInfo [name: default]
2025-02-05T13:38:26.683+09:00  INFO 2047 --- [    Test worker] org.hibernate.Version                    : HHH000412: Hibernate ORM core version 6.3.1.Final
2025-02-05T13:38:26.709+09:00  INFO 2047 --- [    Test worker] o.h.c.internal.RegionFactoryInitiator    : HHH000026: Second-level cache disabled
2025-02-05T13:38:26.861+09:00  INFO 2047 --- [    Test worker] o.s.o.j.p.SpringPersistenceUnitInfo      : No LoadTimeWeaver setup: ignoring JPA class transformer
2025-02-05T13:38:27.403+09:00  INFO 2047 --- [    Test worker] o.h.e.t.j.p.i.JtaPlatformInitiator       : HHH000489: No JTA platform available (set 'hibernate.transaction.jta.platform' to enable JTA platform integration)
Hibernate: 
    drop table if exists member cascade 
Hibernate: 
    create table member (
        id bigint generated by default as identity,
        name varchar(255),
        primary key (id)
    )
2025-02-05T13:38:27.425+09:00  INFO 2047 --- [    Test worker] j.LocalContainerEntityManagerFactoryBean : Initialized JPA EntityManagerFactory for persistence unit 'default'
2025-02-05T13:38:27.656+09:00  WARN 2047 --- [    Test worker] JpaBaseConfiguration$JpaWebConfiguration : spring.jpa.open-in-view is enabled by default. Therefore, database queries may be performed during view rendering. Explicitly configure spring.jpa.open-in-view to disable this warning
2025-02-05T13:38:27.668+09:00  INFO 2047 --- [    Test worker] o.s.b.a.w.s.WelcomePageHandlerMapping    : Adding welcome page: class path resource [static/index.html]
2025-02-05T13:38:27.880+09:00  INFO 2047 --- [    Test worker] o.s.b.t.m.w.SpringBootMockServletContext : Initializing Spring TestDispatcherServlet ''
2025-02-05T13:38:27.880+09:00  INFO 2047 --- [    Test worker] o.s.t.web.servlet.TestDispatcherServlet  : Initializing Servlet ''
2025-02-05T13:38:27.881+09:00  INFO 2047 --- [    Test worker] o.s.t.web.servlet.TestDispatcherServlet  : Completed initialization in 0 ms
2025-02-05T13:38:27.900+09:00  INFO 2047 --- [    Test worker] m.w.s.QuizControllerTest                 : Started QuizControllerTest in 2.391 seconds (process running for 3.302)
2025-02-05T13:38:28.312+09:00  INFO 2047 --- [    Test worker] o.s.b.t.m.w.SpringBootMockServletContext : Initializing Spring TestDispatcherServlet ''
2025-02-05T13:38:28.312+09:00  INFO 2047 --- [    Test worker] o.s.t.web.servlet.TestDispatcherServlet  : Initializing Servlet ''
2025-02-05T13:38:28.313+09:00  INFO 2047 --- [    Test worker] o.s.t.web.servlet.TestDispatcherServlet  : Completed initialization in 1 ms
2025-02-05T13:38:28.406+09:00  INFO 2047 --- [    Test worker] o.s.b.t.m.w.SpringBootMockServletContext : Initializing Spring TestDispatcherServlet ''
2025-02-05T13:38:28.406+09:00  INFO 2047 --- [    Test worker] o.s.t.web.servlet.TestDispatcherServlet  : Initializing Servlet ''
2025-02-05T13:38:28.406+09:00  INFO 2047 --- [    Test worker] o.s.t.web.servlet.TestDispatcherServlet  : Completed initialization in 0 ms
2025-02-05T13:38:28.411+09:00  INFO 2047 --- [    Test worker] o.s.b.t.m.w.SpringBootMockServletContext : Initializing Spring TestDispatcherServlet ''
2025-02-05T13:38:28.411+09:00  INFO 2047 --- [    Test worker] o.s.t.web.servlet.TestDispatcherServlet  : Initializing Servlet ''
2025-02-05T13:38:28.411+09:00  INFO 2047 --- [    Test worker] o.s.t.web.servlet.TestDispatcherServlet  : Completed initialization in 0 ms
2025-02-05T13:38:28.415+09:00  INFO 2047 --- [    Test worker] o.s.b.t.m.w.SpringBootMockServletContext : Initializing Spring TestDispatcherServlet ''
2025-02-05T13:38:28.415+09:00  INFO 2047 --- [    Test worker] o.s.t.web.servlet.TestDispatcherServlet  : Initializing Servlet ''
2025-02-05T13:38:28.416+09:00  INFO 2047 --- [    Test worker] o.s.t.web.servlet.TestDispatcherServlet  : Completed initialization in 1 ms
]]></system-out>
  <system-err><![CDATA[]]></system-err>
</testsuite>
