<?xml version="1.0" encoding="UTF-8"?>
<testsuite name="me.woosuyeon.springbootdeveloper.TestControllerTest" tests="1" skipped="0" failures="0" errors="0" timestamp="2025-02-04T07:49:42" hostname="usuyeon-ui-MacBookAir.local" time="0.543">
  <properties/>
  <testcase name="getAllMembers: 아티클 조회에 성공한다." classname="me.woosuyeon.springbootdeveloper.TestControllerTest" time="0.543"/>
  <system-out><![CDATA[16:49:40.460 [Test worker] INFO org.springframework.test.context.support.AnnotationConfigContextLoaderUtils -- Could not detect default configuration classes for test class [me.woosuyeon.springbootdeveloper.TestControllerTest]: TestControllerTest does not declare any static, non-private, non-final, nested classes annotated with @Configuration.
16:49:40.531 [Test worker] INFO org.springframework.boot.test.context.SpringBootTestContextBootstrapper -- Found @SpringBootConfiguration me.woosuyeon.springbootdeveloper.SpringBootDeveloperApplication for test class me.woosuyeon.springbootdeveloper.TestControllerTest

  .   ____          _            __ _ _
 /\\ / ___'_ __ _ _(_)_ __  __ _ \ \ \ \
( ( )\___ | '_ | '_| | '_ \/ _` | \ \ \ \
 \\/  ___)| |_)| | | | | || (_| |  ) ) ) )
  '  |____| .__|_| |_|_| |_\__, | / / / /
 =========|_|==============|___/=/_/_/_/
 :: Spring Boot ::                (v3.2.0)

2025-02-04T16:49:40.756+09:00  INFO 2549 --- [    Test worker] m.w.s.TestControllerTest                 : Starting TestControllerTest using Java 17.0.6 with PID 2549 (started by suyeonwoo in /Users/suyeonwoo/Desktop/2022-13586/backend/스프링부트3백엔드개발자되기/springboot/springboot-developer)
2025-02-04T16:49:40.757+09:00  INFO 2549 --- [    Test worker] m.w.s.TestControllerTest                 : No active profile set, falling back to 1 default profile: "default"
2025-02-04T16:49:41.099+09:00  INFO 2549 --- [    Test worker] .s.d.r.c.RepositoryConfigurationDelegate : Bootstrapping Spring Data JPA repositories in DEFAULT mode.
2025-02-04T16:49:41.128+09:00  INFO 2549 --- [    Test worker] .s.d.r.c.RepositoryConfigurationDelegate : Finished Spring Data repository scanning in 26 ms. Found 1 JPA repository interface.
2025-02-04T16:49:41.335+09:00  INFO 2549 --- [    Test worker] com.zaxxer.hikari.HikariDataSource       : HikariPool-1 - Starting...
2025-02-04T16:49:41.444+09:00  INFO 2549 --- [    Test worker] com.zaxxer.hikari.pool.HikariPool        : HikariPool-1 - Added connection conn0: url=jdbc:h2:mem:16e10c35-e42f-40c4-a4eb-22ca7d9c16a5 user=SA
2025-02-04T16:49:41.445+09:00  INFO 2549 --- [    Test worker] com.zaxxer.hikari.HikariDataSource       : HikariPool-1 - Start completed.
2025-02-04T16:49:41.471+09:00  INFO 2549 --- [    Test worker] o.hibernate.jpa.internal.util.LogHelper  : HHH000204: Processing PersistenceUnitInfo [name: default]
2025-02-04T16:49:41.501+09:00  INFO 2549 --- [    Test worker] org.hibernate.Version                    : HHH000412: Hibernate ORM core version 6.3.1.Final
2025-02-04T16:49:41.523+09:00  INFO 2549 --- [    Test worker] o.h.c.internal.RegionFactoryInitiator    : HHH000026: Second-level cache disabled
2025-02-04T16:49:41.656+09:00  INFO 2549 --- [    Test worker] o.s.o.j.p.SpringPersistenceUnitInfo      : No LoadTimeWeaver setup: ignoring JPA class transformer
2025-02-04T16:49:42.103+09:00  INFO 2549 --- [    Test worker] o.h.e.t.j.p.i.JtaPlatformInitiator       : HHH000489: No JTA platform available (set 'hibernate.transaction.jta.platform' to enable JTA platform integration)
Hibernate: 
    drop table if exists member cascade 
Hibernate: 
    create table member (
        id bigint generated by default as identity,
        name varchar(255),
        primary key (id)
    )
2025-02-04T16:49:42.122+09:00  INFO 2549 --- [    Test worker] j.LocalContainerEntityManagerFactoryBean : Initialized JPA EntityManagerFactory for persistence unit 'default'
2025-02-04T16:49:42.355+09:00  WARN 2549 --- [    Test worker] JpaBaseConfiguration$JpaWebConfiguration : spring.jpa.open-in-view is enabled by default. Therefore, database queries may be performed during view rendering. Explicitly configure spring.jpa.open-in-view to disable this warning
2025-02-04T16:49:42.371+09:00  INFO 2549 --- [    Test worker] o.s.b.a.w.s.WelcomePageHandlerMapping    : Adding welcome page: class path resource [static/index.html]
2025-02-04T16:49:42.587+09:00  INFO 2549 --- [    Test worker] o.s.b.t.m.w.SpringBootMockServletContext : Initializing Spring TestDispatcherServlet ''
2025-02-04T16:49:42.588+09:00  INFO 2549 --- [    Test worker] o.s.t.web.servlet.TestDispatcherServlet  : Initializing Servlet ''
2025-02-04T16:49:42.589+09:00  INFO 2549 --- [    Test worker] o.s.t.web.servlet.TestDispatcherServlet  : Completed initialization in 0 ms
2025-02-04T16:49:42.612+09:00  INFO 2549 --- [    Test worker] m.w.s.TestControllerTest                 : Started TestControllerTest in 2.004 seconds (process running for 2.661)
2025-02-04T16:49:42.975+09:00  INFO 2549 --- [    Test worker] o.s.b.t.m.w.SpringBootMockServletContext : Initializing Spring TestDispatcherServlet ''
2025-02-04T16:49:42.975+09:00  INFO 2549 --- [    Test worker] o.s.t.web.servlet.TestDispatcherServlet  : Initializing Servlet ''
2025-02-04T16:49:42.975+09:00  INFO 2549 --- [    Test worker] o.s.t.web.servlet.TestDispatcherServlet  : Completed initialization in 0 ms
Hibernate: 
    select
        m1_0.id,
        m1_0.name 
    from
        member m1_0 
    where
        m1_0.id=?
Hibernate: 
    select
        m1_0.id,
        m1_0.name 
    from
        member m1_0
Hibernate: 
    select
        m1_0.id,
        m1_0.name 
    from
        member m1_0
Hibernate: 
    delete 
    from
        member 
    where
        id=?
Hibernate: 
    delete 
    from
        member 
    where
        id=?
Hibernate: 
    delete 
    from
        member 
    where
        id=?
]]></system-out>
  <system-err><![CDATA[]]></system-err>
</testsuite>
